[debug] [2025-08-12T15:25:58.796Z] ----------------------------------------------------------------------
[debug] [2025-08-12T15:25:58.797Z] Command:       C:\nvm4w\nodejs\node.exe C:\nvm4w\nodejs\node_modules\firebase-tools\lib\bin\firebase.js emulators:start --only functions
[debug] [2025-08-12T15:25:58.798Z] CLI Version:   14.12.0
[debug] [2025-08-12T15:25:58.798Z] Platform:      win32
[debug] [2025-08-12T15:25:58.798Z] Node Version:  v20.18.2
[debug] [2025-08-12T15:25:58.798Z] Time:          Tue Aug 12 2025 22:25:58 GMT+0700 (Indochina Time)
[debug] [2025-08-12T15:25:58.798Z] ----------------------------------------------------------------------
[debug] 
[debug] [2025-08-12T15:25:58.970Z] > command requires scopes: ["email","openid","https://www.googleapis.com/auth/cloudplatformprojects.readonly","https://www.googleapis.com/auth/firebase","https://www.googleapis.com/auth/cloud-platform"]
[debug] [2025-08-12T15:25:58.970Z] > authorizing via signed-in user (ttthaiii30@gmail.com)
[info] i  emulators: Starting emulators: functions {"metadata":{"emulator":{"name":"hub"},"message":"Starting emulators: functions"}}
[debug] [2025-08-12T15:25:58.977Z] [logging] Logging Emulator only supports listening on one address (127.0.0.1). Not listening on ::1
[debug] [2025-08-12T15:25:58.977Z] assigned listening specs for emulators {"user":{"hub":[{"address":"127.0.0.1","family":"IPv4","port":4400},{"address":"::1","family":"IPv6","port":4400}],"ui":[{"address":"127.0.0.1","family":"IPv4","port":4000},{"address":"::1","family":"IPv6","port":4000}],"logging":[{"address":"127.0.0.1","family":"IPv4","port":4500}]},"metadata":{"message":"assigned listening specs for emulators"}}
[debug] [2025-08-12T15:25:58.981Z] [hub] writing locator at C:\Users\tts2004\AppData\Local\Temp\hub-qcreport-54164.json
[debug] [2025-08-12T15:25:58.994Z] [functions] Functions Emulator only supports listening on one address (127.0.0.1). Not listening on ::1
[debug] [2025-08-12T15:25:58.994Z] [eventarc] Eventarc Emulator only supports listening on one address (127.0.0.1). Not listening on ::1
[debug] [2025-08-12T15:25:58.994Z] [tasks] Cloud Tasks Emulator only supports listening on one address (127.0.0.1). Not listening on ::1
[debug] [2025-08-12T15:25:58.994Z] late-assigned ports for functions and eventarc emulators {"user":{"hub":[{"address":"127.0.0.1","family":"IPv4","port":4400},{"address":"::1","family":"IPv6","port":4400}],"ui":[{"address":"127.0.0.1","family":"IPv4","port":4000},{"address":"::1","family":"IPv6","port":4000}],"logging":[{"address":"127.0.0.1","family":"IPv4","port":4500}],"functions":[{"address":"127.0.0.1","family":"IPv4","port":5001}],"eventarc":[{"address":"127.0.0.1","family":"IPv4","port":9299}],"tasks":[{"address":"127.0.0.1","family":"IPv4","port":9499}]},"metadata":{"message":"late-assigned ports for functions and eventarc emulators"}}
[warn] !  functions: The following emulators are not running, calls to these services from the Functions emulator will affect production: apphosting, auth, firestore, database, hosting, pubsub, storage, dataconnect {"metadata":{"emulator":{"name":"functions"},"message":"The following emulators are not running, calls to these services from the Functions emulator will affect production: \u001b[1mapphosting, auth, firestore, database, hosting, pubsub, storage, dataconnect\u001b[22m"}}
[debug] [2025-08-12T15:25:59.007Z] defaultcredentials: writing to file C:\Users\tts2004\AppData\Roaming\firebase\ttthaiii30_gmail_com_application_default_credentials.json
[debug] [2025-08-12T15:25:59.008Z] Setting GAC to C:\Users\tts2004\AppData\Roaming\firebase\ttthaiii30_gmail_com_application_default_credentials.json {"metadata":{"emulator":{"name":"functions"},"message":"Setting GAC to C:\\Users\\tts2004\\AppData\\Roaming\\firebase\\ttthaiii30_gmail_com_application_default_credentials.json"}}
[debug] [2025-08-12T15:25:59.009Z] Checked if tokens are valid: true, expires at: 1755013371116
[debug] [2025-08-12T15:25:59.009Z] Checked if tokens are valid: true, expires at: 1755013371116
[debug] [2025-08-12T15:25:59.010Z] >>> [apiv2][query] GET https://firebase.googleapis.com/v1beta1/projects/qcreport-54164/adminSdkConfig [none]
[debug] [2025-08-12T15:25:59.405Z] <<< [apiv2][status] GET https://firebase.googleapis.com/v1beta1/projects/qcreport-54164/adminSdkConfig 200
[debug] [2025-08-12T15:25:59.405Z] <<< [apiv2][body] GET https://firebase.googleapis.com/v1beta1/projects/qcreport-54164/adminSdkConfig {"projectId":"qcreport-54164","storageBucket":"qcreport-54164.firebasestorage.app"}
[info] i  functions: Watching "D:\qc-report-new\functions" for Cloud Functions... {"metadata":{"emulator":{"name":"functions"},"message":"Watching \"D:\\qc-report-new\\functions\" for Cloud Functions..."}}
[error] !!  functions: Failed to load function definition from source: FirebaseError: could not deploy functions because the "functions" directory was not found. Please create it or specify a different source directory in firebase.json {"metadata":{"emulator":{"name":"functions"},"message":"Failed to load function definition from source: FirebaseError: could not deploy functions because the \u001b[1m\"functions\"\u001b[22m directory was not found. Please create it or specify a different source directory in firebase.json"}}
[info] i  functions: Watching "D:\qc-report-new\qc-functions" for Cloud Functions... {"metadata":{"emulator":{"name":"functions"},"message":"Watching \"D:\\qc-report-new\\qc-functions\" for Cloud Functions..."}}
[debug] [2025-08-12T15:25:59.431Z] Validating nodejs source
[warn] !  functions: package.json indicates an outdated version of firebase-functions. Please upgrade using npm install --save firebase-functions@latest in your functions directory. 
[warn] !  functions: Please note that there will be breaking changes when you upgrade. 
[debug] [2025-08-12T15:25:59.985Z] > [functions] package.json contents: {
  "name": "functions",
  "description": "Cloud Functions for Firebase",
  "scripts": {
    "serve": "firebase emulators:start --only functions",
    "shell": "firebase functions:shell",
    "start": "npm run shell",
    "deploy": "firebase deploy --only functions",
    "logs": "firebase functions:log"
  },
  "engines": {
    "node": "20"
  },
  "main": "index.js",
  "dependencies": {
    "cors": "^2.8.5",
    "express": "^4.18.2",
    "firebase-admin": "^12.0.0",
    "firebase-functions": "^5.0.0",
    "googleapis": "^128.0.0",
    "multer": "^1.4.5-lts.1",
    "puppeteer": "^21.0.0"
  },
  "private": true
}
[debug] [2025-08-12T15:25:59.985Z] Building nodejs source
[debug] [2025-08-12T15:25:59.986Z] Failed to find version of module node: reached end of search path D:\qc-report-new\qc-functions\node_modules
[info] +  functions: Using node@20 from host. 
[info] i  functions: Loaded environment variables from .env. 
[debug] [2025-08-12T15:25:59.989Z] Could not find functions.yaml. Must use http discovery
[debug] [2025-08-12T15:25:59.992Z] Found firebase-functions binary at 'D:\qc-report-new\qc-functions\node_modules\.bin\firebase-functions'
[info] Serving at port 8655

[debug] [2025-08-12T15:26:00.784Z] Got response from /__/functions.yaml {"endpoints":{"api":{"availableMemoryMb":1024,"timeoutSeconds":120,"minInstances":null,"maxInstances":null,"ingressSettings":null,"concurrency":null,"serviceAccountEmail":null,"vpc":null,"platform":"gcfv2","region":["asia-southeast1"],"labels":{},"httpsTrigger":{},"entryPoint":"api"}},"specVersion":"v1alpha1","requiredAPIs":[],"extensions":{}}
[info] +  functions: Loaded functions definitions from source: api. {"metadata":{"emulator":{"name":"functions"},"message":"Loaded functions definitions from source: api."}}
[info] +  functions[asia-southeast1-api]: http function initialized (http://127.0.0.1:5001/qcreport-54164/asia-southeast1/api). {"metadata":{"emulator":{"name":"functions"},"message":"\u001b[1mhttp\u001b[22m function initialized (http://127.0.0.1:5001/qcreport-54164/asia-southeast1/api)."}}
[debug] [2025-08-12T15:26:04.828Z] Could not find VSCode notification endpoint: FetchError: request to http://localhost:40001/vscode/notify failed, reason: . If you are not running the Firebase Data Connect VSCode extension, this is expected and not an issue.
[info] 
┌─────────────────────────────────────────────────────────────┐
│ ✔  All emulators ready! It is now safe to connect your app. │
│ i  View Emulator UI at http://127.0.0.1:4000/               │
└─────────────────────────────────────────────────────────────┘

┌───────────┬────────────────┬─────────────────────────────────┐
│ Emulator  │ Host:Port      │ View in Emulator UI             │
├───────────┼────────────────┼─────────────────────────────────┤
│ Functions │ 127.0.0.1:5001 │ http://127.0.0.1:4000/functions │
└───────────┴────────────────┴─────────────────────────────────┘
  Emulator Hub host: 127.0.0.1 port: 4400
  Other reserved ports: 4500

Issues? Report them at https://github.com/firebase/firebase-tools/issues and attach the *-debug.log files.
 
[debug] [2025-08-12T15:26:12.195Z] [work-queue] {"queuedWork":["/qcreport-54164/asia-southeast1/api/qc-topics-2025-08-12T15:26:12.194Z"],"queueLength":1,"runningWork":[],"workRunningCount":0}
[debug] [2025-08-12T15:26:12.195Z] [work-queue] {"queuedWork":[],"queueLength":0,"runningWork":["/qcreport-54164/asia-southeast1/api/qc-topics-2025-08-12T15:26:12.194Z"],"workRunningCount":1}
[debug] [2025-08-12T15:26:12.195Z] Accepted request OPTIONS /qcreport-54164/asia-southeast1/api/qc-topics --> asia-southeast1-api
[debug] [2025-08-12T15:26:12.197Z] [functions] Runtime ready! Sending request! {"metadata":{"emulator":{"name":"functions"},"message":"[functions] Runtime ready! Sending request!"}}
[debug] [2025-08-12T15:26:12.197Z] [functions] Got req.url=/qcreport-54164/asia-southeast1/api/qc-topics, mapping to path=/qc-topics {"metadata":{"emulator":{"name":"functions"},"message":"[functions] Got req.url=/qcreport-54164/asia-southeast1/api/qc-topics, mapping to path=/qc-topics"}}
[info] i  functions: Loaded environment variables from .env. 
[debug] [2025-08-12T15:26:12.204Z] [worker-pool] addWorker(asia-southeast1-api) {"metadata":{"emulator":{"name":"functions"},"message":"[worker-pool] addWorker(asia-southeast1-api)"}}
[debug] [2025-08-12T15:26:12.205Z] [worker-pool] Adding worker with key asia-southeast1-api, total=1 {"metadata":{"emulator":{"name":"functions"},"message":"[worker-pool] Adding worker with key asia-southeast1-api, total=1"}}
[debug] [2025-08-12T15:26:12.206Z] [work-queue] {"queuedWork":["/qcreport-54164/asia-southeast1/api/qc-topics-2025-08-12T15:26:12.206Z"],"queueLength":1,"runningWork":["/qcreport-54164/asia-southeast1/api/qc-topics-2025-08-12T15:26:12.194Z"],"workRunningCount":1}
[debug] [2025-08-12T15:26:12.206Z] [work-queue] {"queuedWork":[],"queueLength":0,"runningWork":["/qcreport-54164/asia-southeast1/api/qc-topics-2025-08-12T15:26:12.194Z","/qcreport-54164/asia-southeast1/api/qc-topics-2025-08-12T15:26:12.206Z"],"workRunningCount":2}
[debug] [2025-08-12T15:26:12.206Z] Accepted request OPTIONS /qcreport-54164/asia-southeast1/api/qc-topics --> asia-southeast1-api
[debug] [2025-08-12T15:26:12.208Z] [functions] Runtime ready! Sending request! {"metadata":{"emulator":{"name":"functions"},"message":"[functions] Runtime ready! Sending request!"}}
[debug] [2025-08-12T15:26:12.208Z] [functions] Got req.url=/qcreport-54164/asia-southeast1/api/qc-topics, mapping to path=/qc-topics {"metadata":{"emulator":{"name":"functions"},"message":"[functions] Got req.url=/qcreport-54164/asia-southeast1/api/qc-topics, mapping to path=/qc-topics"}}
[info] i  functions: Loaded environment variables from .env. 
[debug] [2025-08-12T15:26:12.213Z] [worker-pool] addWorker(asia-southeast1-api) {"metadata":{"emulator":{"name":"functions"},"message":"[worker-pool] addWorker(asia-southeast1-api)"}}
[debug] [2025-08-12T15:26:12.214Z] [worker-pool] Adding worker with key asia-southeast1-api, total=2 {"metadata":{"emulator":{"name":"functions"},"message":"[worker-pool] Adding worker with key asia-southeast1-api, total=2"}}
[debug] [2025-08-12T15:26:12.900Z] [runtime-status] [14188] Resolved module firebase-admin {"declared":true,"installed":true,"version":"12.7.0","resolution":"D:\\qc-report-new\\qc-functions\\node_modules\\firebase-admin\\lib\\index.js"} {"metadata":{"emulator":{"name":"functions"},"function":{"name":"asia-southeast1-api"},"extension":{},"message":"[runtime-status] [14188] Resolved module firebase-admin {\"declared\":true,\"installed\":true,\"version\":\"12.7.0\",\"resolution\":\"D:\\\\qc-report-new\\\\qc-functions\\\\node_modules\\\\firebase-admin\\\\lib\\\\index.js\"}"}}
[debug] [2025-08-12T15:26:12.900Z] [runtime-status] [14188] Resolved module firebase-functions {"declared":true,"installed":true,"version":"5.1.1","resolution":"D:\\qc-report-new\\qc-functions\\node_modules\\firebase-functions\\lib\\v1\\index.js"} {"metadata":{"emulator":{"name":"functions"},"function":{"name":"asia-southeast1-api"},"extension":{},"message":"[runtime-status] [14188] Resolved module firebase-functions {\"declared\":true,\"installed\":true,\"version\":\"5.1.1\",\"resolution\":\"D:\\\\qc-report-new\\\\qc-functions\\\\node_modules\\\\firebase-functions\\\\lib\\\\v1\\\\index.js\"}"}}
[debug] [2025-08-12T15:26:12.900Z] [runtime-status] [14188] Outgoing network have been stubbed. [{"name":"http","status":"mocked"},{"name":"http","status":"mocked"},{"name":"https","status":"mocked"},{"name":"https","status":"mocked"},{"name":"net","status":"mocked"}] {"metadata":{"emulator":{"name":"functions"},"function":{"name":"asia-southeast1-api"},"extension":{},"message":"[runtime-status] [14188] Outgoing network have been stubbed. [{\"name\":\"http\",\"status\":\"mocked\"},{\"name\":\"http\",\"status\":\"mocked\"},{\"name\":\"https\",\"status\":\"mocked\"},{\"name\":\"https\",\"status\":\"mocked\"},{\"name\":\"net\",\"status\":\"mocked\"}]"}}
[debug] [2025-08-12T15:26:12.900Z] [runtime-status] [18508] Resolved module firebase-admin {"declared":true,"installed":true,"version":"12.7.0","resolution":"D:\\qc-report-new\\qc-functions\\node_modules\\firebase-admin\\lib\\index.js"} {"metadata":{"emulator":{"name":"functions"},"function":{"name":"asia-southeast1-api"},"extension":{},"message":"[runtime-status] [18508] Resolved module firebase-admin {\"declared\":true,\"installed\":true,\"version\":\"12.7.0\",\"resolution\":\"D:\\\\qc-report-new\\\\qc-functions\\\\node_modules\\\\firebase-admin\\\\lib\\\\index.js\"}"}}
[debug] [2025-08-12T15:26:12.901Z] [runtime-status] [14188] Resolved module firebase-functions {"declared":true,"installed":true,"version":"5.1.1","resolution":"D:\\qc-report-new\\qc-functions\\node_modules\\firebase-functions\\lib\\v1\\index.js"} {"metadata":{"emulator":{"name":"functions"},"function":{"name":"asia-southeast1-api"},"extension":{},"message":"[runtime-status] [14188] Resolved module firebase-functions {\"declared\":true,\"installed\":true,\"version\":\"5.1.1\",\"resolution\":\"D:\\\\qc-report-new\\\\qc-functions\\\\node_modules\\\\firebase-functions\\\\lib\\\\v1\\\\index.js\"}"}}
[debug] [2025-08-12T15:26:12.901Z] [runtime-status] [18508] Resolved module firebase-functions {"declared":true,"installed":true,"version":"5.1.1","resolution":"D:\\qc-report-new\\qc-functions\\node_modules\\firebase-functions\\lib\\v1\\index.js"} {"metadata":{"emulator":{"name":"functions"},"function":{"name":"asia-southeast1-api"},"extension":{},"message":"[runtime-status] [18508] Resolved module firebase-functions {\"declared\":true,\"installed\":true,\"version\":\"5.1.1\",\"resolution\":\"D:\\\\qc-report-new\\\\qc-functions\\\\node_modules\\\\firebase-functions\\\\lib\\\\v1\\\\index.js\"}"}}
[debug] [2025-08-12T15:26:12.902Z] [runtime-status] [18508] Outgoing network have been stubbed. [{"name":"http","status":"mocked"},{"name":"http","status":"mocked"},{"name":"https","status":"mocked"},{"name":"https","status":"mocked"},{"name":"net","status":"mocked"}] {"metadata":{"emulator":{"name":"functions"},"function":{"name":"asia-southeast1-api"},"extension":{},"message":"[runtime-status] [18508] Outgoing network have been stubbed. [{\"name\":\"http\",\"status\":\"mocked\"},{\"name\":\"http\",\"status\":\"mocked\"},{\"name\":\"https\",\"status\":\"mocked\"},{\"name\":\"https\",\"status\":\"mocked\"},{\"name\":\"net\",\"status\":\"mocked\"}]"}}
[debug] [2025-08-12T15:26:12.902Z] [runtime-status] [18508] Resolved module firebase-functions {"declared":true,"installed":true,"version":"5.1.1","resolution":"D:\\qc-report-new\\qc-functions\\node_modules\\firebase-functions\\lib\\v1\\index.js"} {"metadata":{"emulator":{"name":"functions"},"function":{"name":"asia-southeast1-api"},"extension":{},"message":"[runtime-status] [18508] Resolved module firebase-functions {\"declared\":true,\"installed\":true,\"version\":\"5.1.1\",\"resolution\":\"D:\\\\qc-report-new\\\\qc-functions\\\\node_modules\\\\firebase-functions\\\\lib\\\\v1\\\\index.js\"}"}}
[debug] [2025-08-12T15:26:13.074Z] [runtime-status] [18508] Checked functions.config() {"config":{}} {"metadata":{"emulator":{"name":"functions"},"function":{"name":"asia-southeast1-api"},"extension":{},"message":"[runtime-status] [18508] Checked functions.config() {\"config\":{}}"}}
[debug] [2025-08-12T15:26:13.074Z] [runtime-status] [18508] firebase-functions has been stubbed. {"functionsResolution":{"declared":true,"installed":true,"version":"5.1.1","resolution":"D:\\qc-report-new\\qc-functions\\node_modules\\firebase-functions\\lib\\v1\\index.js"}} {"metadata":{"emulator":{"name":"functions"},"function":{"name":"asia-southeast1-api"},"extension":{},"message":"[runtime-status] [18508] firebase-functions has been stubbed. {\"functionsResolution\":{\"declared\":true,\"installed\":true,\"version\":\"5.1.1\",\"resolution\":\"D:\\\\qc-report-new\\\\qc-functions\\\\node_modules\\\\firebase-functions\\\\lib\\\\v1\\\\index.js\"}}"}}
[debug] [2025-08-12T15:26:13.074Z] [runtime-status] [14188] Checked functions.config() {"config":{}} {"metadata":{"emulator":{"name":"functions"},"function":{"name":"asia-southeast1-api"},"extension":{},"message":"[runtime-status] [14188] Checked functions.config() {\"config\":{}}"}}
[debug] [2025-08-12T15:26:13.074Z] [runtime-status] [14188] firebase-functions has been stubbed. {"functionsResolution":{"declared":true,"installed":true,"version":"5.1.1","resolution":"D:\\qc-report-new\\qc-functions\\node_modules\\firebase-functions\\lib\\v1\\index.js"}} {"metadata":{"emulator":{"name":"functions"},"function":{"name":"asia-southeast1-api"},"extension":{},"message":"[runtime-status] [14188] firebase-functions has been stubbed. {\"functionsResolution\":{\"declared\":true,\"installed\":true,\"version\":\"5.1.1\",\"resolution\":\"D:\\\\qc-report-new\\\\qc-functions\\\\node_modules\\\\firebase-functions\\\\lib\\\\v1\\\\index.js\"}}"}}
[debug] [2025-08-12T15:26:13.074Z] [runtime-status] [18508] Resolved module firebase-functions {"declared":true,"installed":true,"version":"5.1.1","resolution":"D:\\qc-report-new\\qc-functions\\node_modules\\firebase-functions\\lib\\v1\\index.js"} {"metadata":{"emulator":{"name":"functions"},"function":{"name":"asia-southeast1-api"},"extension":{},"message":"[runtime-status] [18508] Resolved module firebase-functions {\"declared\":true,\"installed\":true,\"version\":\"5.1.1\",\"resolution\":\"D:\\\\qc-report-new\\\\qc-functions\\\\node_modules\\\\firebase-functions\\\\lib\\\\v1\\\\index.js\"}"}}
[debug] [2025-08-12T15:26:13.074Z] [runtime-status] [14188] Resolved module firebase-functions {"declared":true,"installed":true,"version":"5.1.1","resolution":"D:\\qc-report-new\\qc-functions\\node_modules\\firebase-functions\\lib\\v1\\index.js"} {"metadata":{"emulator":{"name":"functions"},"function":{"name":"asia-southeast1-api"},"extension":{},"message":"[runtime-status] [14188] Resolved module firebase-functions {\"declared\":true,\"installed\":true,\"version\":\"5.1.1\",\"resolution\":\"D:\\\\qc-report-new\\\\qc-functions\\\\node_modules\\\\firebase-functions\\\\lib\\\\v1\\\\index.js\"}"}}
[debug] [2025-08-12T15:26:13.075Z] [runtime-status] [18508] Resolved module firebase-admin {"declared":true,"installed":true,"version":"12.7.0","resolution":"D:\\qc-report-new\\qc-functions\\node_modules\\firebase-admin\\lib\\index.js"} {"metadata":{"emulator":{"name":"functions"},"function":{"name":"asia-southeast1-api"},"extension":{},"message":"[runtime-status] [18508] Resolved module firebase-admin {\"declared\":true,\"installed\":true,\"version\":\"12.7.0\",\"resolution\":\"D:\\\\qc-report-new\\\\qc-functions\\\\node_modules\\\\firebase-admin\\\\lib\\\\index.js\"}"}}
[debug] [2025-08-12T15:26:13.075Z] [runtime-status] [14188] Resolved module firebase-admin {"declared":true,"installed":true,"version":"12.7.0","resolution":"D:\\qc-report-new\\qc-functions\\node_modules\\firebase-admin\\lib\\index.js"} {"metadata":{"emulator":{"name":"functions"},"function":{"name":"asia-southeast1-api"},"extension":{},"message":"[runtime-status] [14188] Resolved module firebase-admin {\"declared\":true,\"installed\":true,\"version\":\"12.7.0\",\"resolution\":\"D:\\\\qc-report-new\\\\qc-functions\\\\node_modules\\\\firebase-admin\\\\lib\\\\index.js\"}"}}
[debug] [2025-08-12T15:26:13.076Z] [runtime-status] [18508] Resolved module firebase-functions {"declared":true,"installed":true,"version":"5.1.1","resolution":"D:\\qc-report-new\\qc-functions\\node_modules\\firebase-functions\\lib\\v1\\index.js"} {"metadata":{"emulator":{"name":"functions"},"function":{"name":"asia-southeast1-api"},"extension":{},"message":"[runtime-status] [18508] Resolved module firebase-functions {\"declared\":true,\"installed\":true,\"version\":\"5.1.1\",\"resolution\":\"D:\\\\qc-report-new\\\\qc-functions\\\\node_modules\\\\firebase-functions\\\\lib\\\\v1\\\\index.js\"}"}}
[debug] [2025-08-12T15:26:13.076Z] [runtime-status] [18508] firebase-admin has been stubbed. {"adminResolution":{"declared":true,"installed":true,"version":"12.7.0","resolution":"D:\\qc-report-new\\qc-functions\\node_modules\\firebase-admin\\lib\\index.js"}} {"metadata":{"emulator":{"name":"functions"},"function":{"name":"asia-southeast1-api"},"extension":{},"message":"[runtime-status] [18508] firebase-admin has been stubbed. {\"adminResolution\":{\"declared\":true,\"installed\":true,\"version\":\"12.7.0\",\"resolution\":\"D:\\\\qc-report-new\\\\qc-functions\\\\node_modules\\\\firebase-admin\\\\lib\\\\index.js\"}}"}}
[debug] [2025-08-12T15:26:13.076Z] [runtime-status] [14188] Resolved module firebase-functions {"declared":true,"installed":true,"version":"5.1.1","resolution":"D:\\qc-report-new\\qc-functions\\node_modules\\firebase-functions\\lib\\v1\\index.js"} {"metadata":{"emulator":{"name":"functions"},"function":{"name":"asia-southeast1-api"},"extension":{},"message":"[runtime-status] [14188] Resolved module firebase-functions {\"declared\":true,\"installed\":true,\"version\":\"5.1.1\",\"resolution\":\"D:\\\\qc-report-new\\\\qc-functions\\\\node_modules\\\\firebase-functions\\\\lib\\\\v1\\\\index.js\"}"}}
[debug] [2025-08-12T15:26:13.077Z] [runtime-status] [14188] firebase-admin has been stubbed. {"adminResolution":{"declared":true,"installed":true,"version":"12.7.0","resolution":"D:\\qc-report-new\\qc-functions\\node_modules\\firebase-admin\\lib\\index.js"}} {"metadata":{"emulator":{"name":"functions"},"function":{"name":"asia-southeast1-api"},"extension":{},"message":"[runtime-status] [14188] firebase-admin has been stubbed. {\"adminResolution\":{\"declared\":true,\"installed\":true,\"version\":\"12.7.0\",\"resolution\":\"D:\\\\qc-report-new\\\\qc-functions\\\\node_modules\\\\firebase-admin\\\\lib\\\\index.js\"}}"}}
[debug] [2025-08-12T15:26:13.758Z] [runtime-status] [14188] Functions runtime initialized. {"cwd":"D:\\qc-report-new\\qc-functions","node_version":"20.18.2"} {"metadata":{"emulator":{"name":"functions"},"function":{"name":"asia-southeast1-api"},"extension":{},"message":"[runtime-status] [14188] Functions runtime initialized. {\"cwd\":\"D:\\\\qc-report-new\\\\qc-functions\",\"node_version\":\"20.18.2\"}"}}
[debug] [2025-08-12T15:26:13.758Z] [runtime-status] [18508] Functions runtime initialized. {"cwd":"D:\\qc-report-new\\qc-functions","node_version":"20.18.2"} {"metadata":{"emulator":{"name":"functions"},"function":{"name":"asia-southeast1-api"},"extension":{},"message":"[runtime-status] [18508] Functions runtime initialized. {\"cwd\":\"D:\\\\qc-report-new\\\\qc-functions\",\"node_version\":\"20.18.2\"}"}}
[debug] [2025-08-12T15:26:13.758Z] [runtime-status] [18508] Listening to port: \\?\pipe\fire_emu_ebee0d514db7ba95 {"metadata":{"emulator":{"name":"functions"},"function":{"name":"asia-southeast1-api"},"extension":{},"message":"[runtime-status] [18508] Listening to port: \\\\?\\pipe\\fire_emu_ebee0d514db7ba95"}}
[debug] [2025-08-12T15:26:13.758Z] [runtime-status] [14188] Listening to port: \\?\pipe\fire_emu_736ab22832cef6fd {"metadata":{"emulator":{"name":"functions"},"function":{"name":"asia-southeast1-api"},"extension":{},"message":"[runtime-status] [14188] Listening to port: \\\\?\\pipe\\fire_emu_736ab22832cef6fd"}}
[debug] [2025-08-12T15:26:13.834Z] [worker-asia-southeast1-api-ac8c49ed-628e-4bda-86ac-31d00216e2d5]: IDLE {"metadata":{"emulator":{"name":"functions"},"function":{"name":"asia-southeast1-api"},"extension":{},"message":"[worker-asia-southeast1-api-ac8c49ed-628e-4bda-86ac-31d00216e2d5]: IDLE"}}
[debug] [2025-08-12T15:26:13.834Z] [worker-pool] submitRequest(triggerId=asia-southeast1-api) {"metadata":{"emulator":{"name":"functions"},"message":"[worker-pool] submitRequest(triggerId=asia-southeast1-api)"}}
[info] i  functions: Beginning execution of "asia-southeast1-api" {"metadata":{"emulator":{"name":"functions"},"function":{"name":"asia-southeast1-api"},"extension":{},"message":"Beginning execution of \"asia-southeast1-api\""}}
[debug] [2025-08-12T15:26:13.835Z] [worker-asia-southeast1-api-ac8c49ed-628e-4bda-86ac-31d00216e2d5]: BUSY {"metadata":{"emulator":{"name":"functions"},"function":{"name":"asia-southeast1-api"},"extension":{},"message":"[worker-asia-southeast1-api-ac8c49ed-628e-4bda-86ac-31d00216e2d5]: BUSY"}}
[debug] [2025-08-12T15:26:13.836Z] [worker-asia-southeast1-api-1579f1fa-d352-40a4-acc9-0e9745463344]: IDLE {"metadata":{"emulator":{"name":"functions"},"function":{"name":"asia-southeast1-api"},"extension":{},"message":"[worker-asia-southeast1-api-1579f1fa-d352-40a4-acc9-0e9745463344]: IDLE"}}
[debug] [2025-08-12T15:26:13.836Z] [worker-pool] submitRequest(triggerId=asia-southeast1-api) {"metadata":{"emulator":{"name":"functions"},"message":"[worker-pool] submitRequest(triggerId=asia-southeast1-api)"}}
[info] i  functions: Beginning execution of "asia-southeast1-api" {"metadata":{"emulator":{"name":"functions"},"function":{"name":"asia-southeast1-api"},"extension":{},"message":"Beginning execution of \"asia-southeast1-api\""}}
[debug] [2025-08-12T15:26:13.836Z] [worker-asia-southeast1-api-1579f1fa-d352-40a4-acc9-0e9745463344]: BUSY {"metadata":{"emulator":{"name":"functions"},"function":{"name":"asia-southeast1-api"},"extension":{},"message":"[worker-asia-southeast1-api-1579f1fa-d352-40a4-acc9-0e9745463344]: BUSY"}}
[debug] [2025-08-12T15:26:13.839Z] Finishing up request with event=pause {"metadata":{"emulator":{"name":"functions"},"function":{"name":"asia-southeast1-api"},"extension":{},"message":"Finishing up request with event=pause"}}
[info] i  functions: Finished "asia-southeast1-api" in 3.0237ms {"metadata":{"emulator":{"name":"functions"},"function":{"name":"asia-southeast1-api"},"extension":{},"message":"Finished \"asia-southeast1-api\" in 3.0237ms"}}
[debug] [2025-08-12T15:26:13.840Z] [worker-asia-southeast1-api-1579f1fa-d352-40a4-acc9-0e9745463344]: IDLE {"metadata":{"emulator":{"name":"functions"},"function":{"name":"asia-southeast1-api"},"extension":{},"message":"[worker-asia-southeast1-api-1579f1fa-d352-40a4-acc9-0e9745463344]: IDLE"}}
[debug] [2025-08-12T15:26:13.840Z] Finishing up request with event=finish {"metadata":{"emulator":{"name":"functions"},"function":{"name":"asia-southeast1-api"},"extension":{},"message":"Finishing up request with event=finish"}}
[debug] [2025-08-12T15:26:13.840Z] Finishing up request with event=close {"metadata":{"emulator":{"name":"functions"},"function":{"name":"asia-southeast1-api"},"extension":{},"message":"Finishing up request with event=close"}}
[debug] [2025-08-12T15:26:13.840Z] [work-queue] {"queuedWork":[],"queueLength":0,"runningWork":["/qcreport-54164/asia-southeast1/api/qc-topics-2025-08-12T15:26:12.206Z"],"workRunningCount":1}
[debug] [2025-08-12T15:26:13.840Z] Finishing up request with event=pause {"metadata":{"emulator":{"name":"functions"},"function":{"name":"asia-southeast1-api"},"extension":{},"message":"Finishing up request with event=pause"}}
[info] i  functions: Finished "asia-southeast1-api" in 5.818ms {"metadata":{"emulator":{"name":"functions"},"function":{"name":"asia-southeast1-api"},"extension":{},"message":"Finished \"asia-southeast1-api\" in 5.818ms"}}
[debug] [2025-08-12T15:26:13.841Z] [worker-asia-southeast1-api-ac8c49ed-628e-4bda-86ac-31d00216e2d5]: IDLE {"metadata":{"emulator":{"name":"functions"},"function":{"name":"asia-southeast1-api"},"extension":{},"message":"[worker-asia-southeast1-api-ac8c49ed-628e-4bda-86ac-31d00216e2d5]: IDLE"}}
[debug] [2025-08-12T15:26:13.841Z] Finishing up request with event=finish {"metadata":{"emulator":{"name":"functions"},"function":{"name":"asia-southeast1-api"},"extension":{},"message":"Finishing up request with event=finish"}}
[debug] [2025-08-12T15:26:13.841Z] Finishing up request with event=close {"metadata":{"emulator":{"name":"functions"},"function":{"name":"asia-southeast1-api"},"extension":{},"message":"Finishing up request with event=close"}}
[debug] [2025-08-12T15:26:13.841Z] [work-queue] {"queuedWork":[],"queueLength":0,"runningWork":[],"workRunningCount":0}
[debug] [2025-08-12T15:26:13.841Z] [work-queue] {"queuedWork":["/qcreport-54164/asia-southeast1/api/qc-topics-2025-08-12T15:26:13.841Z"],"queueLength":1,"runningWork":[],"workRunningCount":0}
[debug] [2025-08-12T15:26:13.841Z] [work-queue] {"queuedWork":[],"queueLength":0,"runningWork":["/qcreport-54164/asia-southeast1/api/qc-topics-2025-08-12T15:26:13.841Z"],"workRunningCount":1}
[debug] [2025-08-12T15:26:13.842Z] Accepted request GET /qcreport-54164/asia-southeast1/api/qc-topics --> asia-southeast1-api
[debug] [2025-08-12T15:26:13.842Z] [functions] Runtime ready! Sending request! {"metadata":{"emulator":{"name":"functions"},"message":"[functions] Runtime ready! Sending request!"}}
[debug] [2025-08-12T15:26:13.842Z] [functions] Got req.url=/qcreport-54164/asia-southeast1/api/qc-topics, mapping to path=/qc-topics {"metadata":{"emulator":{"name":"functions"},"message":"[functions] Got req.url=/qcreport-54164/asia-southeast1/api/qc-topics, mapping to path=/qc-topics"}}
[debug] [2025-08-12T15:26:13.842Z] [worker-pool] submitRequest(triggerId=asia-southeast1-api) {"metadata":{"emulator":{"name":"functions"},"message":"[worker-pool] submitRequest(triggerId=asia-southeast1-api)"}}
[info] i  functions: Beginning execution of "asia-southeast1-api" {"metadata":{"emulator":{"name":"functions"},"function":{"name":"asia-southeast1-api"},"extension":{},"message":"Beginning execution of \"asia-southeast1-api\""}}
[debug] [2025-08-12T15:26:13.842Z] [worker-asia-southeast1-api-1579f1fa-d352-40a4-acc9-0e9745463344]: BUSY {"metadata":{"emulator":{"name":"functions"},"function":{"name":"asia-southeast1-api"},"extension":{},"message":"[worker-asia-southeast1-api-1579f1fa-d352-40a4-acc9-0e9745463344]: BUSY"}}
[warn] !  Google API requested!
   - URL: "https://www.googleapis.com/oauth2/v4/token"
   - Be careful, this may be a production service. {"metadata":{"emulator":{"name":"functions"},"function":{"name":"asia-southeast1-api"},"extension":{},"message":"Google API requested!\n   - URL: \"https://www.googleapis.com/oauth2/v4/token\"\n   - Be careful, this may be a production service."}}
[warn] !  Google API requested!
   - URL: "https://sheets.googleapis.com/v4/spreadsheets/1ez_Dox16jf9lr5TEsLL5BEOfKZDNGkVD31YSBtx3Qa8/values/%E0%B8%AB%E0%B8%B1%E0%B8%A7%E0%B8%82%E0%B9%89%E0%B8%AD%E0%B8%81%E0%B8%B2%E0%B8%A3%E0%B8%95%E0%B8%A3%E0%B8%A7%E0%B8%88%20QC%21A%3AB"
   - Be careful, this may be a production service. {"metadata":{"emulator":{"name":"functions"},"function":{"name":"asia-southeast1-api"},"extension":{},"message":"Google API requested!\n   - URL: \"https://sheets.googleapis.com/v4/spreadsheets/1ez_Dox16jf9lr5TEsLL5BEOfKZDNGkVD31YSBtx3Qa8/values/%E0%B8%AB%E0%B8%B1%E0%B8%A7%E0%B8%82%E0%B9%89%E0%B8%AD%E0%B8%81%E0%B8%B2%E0%B8%A3%E0%B8%95%E0%B8%A3%E0%B8%A7%E0%B8%88%20QC%21A%3AB\"\n   - Be careful, this may be a production service."}}
[debug] [2025-08-12T15:26:14.548Z] Finishing up request with event=pause {"metadata":{"emulator":{"name":"functions"},"function":{"name":"asia-southeast1-api"},"extension":{},"message":"Finishing up request with event=pause"}}
[info] i  functions: Finished "asia-southeast1-api" in 705.8044ms {"metadata":{"emulator":{"name":"functions"},"function":{"name":"asia-southeast1-api"},"extension":{},"message":"Finished \"asia-southeast1-api\" in 705.8044ms"}}
[debug] [2025-08-12T15:26:14.549Z] [worker-asia-southeast1-api-1579f1fa-d352-40a4-acc9-0e9745463344]: IDLE {"metadata":{"emulator":{"name":"functions"},"function":{"name":"asia-southeast1-api"},"extension":{},"message":"[worker-asia-southeast1-api-1579f1fa-d352-40a4-acc9-0e9745463344]: IDLE"}}
[debug] [2025-08-12T15:26:14.549Z] Finishing up request with event=finish {"metadata":{"emulator":{"name":"functions"},"function":{"name":"asia-southeast1-api"},"extension":{},"message":"Finishing up request with event=finish"}}
[debug] [2025-08-12T15:26:14.549Z] Finishing up request with event=close {"metadata":{"emulator":{"name":"functions"},"function":{"name":"asia-southeast1-api"},"extension":{},"message":"Finishing up request with event=close"}}
[debug] [2025-08-12T15:26:14.550Z] [work-queue] {"queuedWork":[],"queueLength":0,"runningWork":[],"workRunningCount":0}
[debug] [2025-08-12T15:26:14.550Z] [work-queue] {"queuedWork":["/qcreport-54164/asia-southeast1/api/qc-topics-2025-08-12T15:26:14.550Z"],"queueLength":1,"runningWork":[],"workRunningCount":0}
[debug] [2025-08-12T15:26:14.550Z] [work-queue] {"queuedWork":[],"queueLength":0,"runningWork":["/qcreport-54164/asia-southeast1/api/qc-topics-2025-08-12T15:26:14.550Z"],"workRunningCount":1}
[debug] [2025-08-12T15:26:14.550Z] Accepted request GET /qcreport-54164/asia-southeast1/api/qc-topics --> asia-southeast1-api
[debug] [2025-08-12T15:26:14.551Z] [functions] Runtime ready! Sending request! {"metadata":{"emulator":{"name":"functions"},"message":"[functions] Runtime ready! Sending request!"}}
[debug] [2025-08-12T15:26:14.551Z] [functions] Got req.url=/qcreport-54164/asia-southeast1/api/qc-topics, mapping to path=/qc-topics {"metadata":{"emulator":{"name":"functions"},"message":"[functions] Got req.url=/qcreport-54164/asia-southeast1/api/qc-topics, mapping to path=/qc-topics"}}
[debug] [2025-08-12T15:26:14.551Z] [worker-pool] submitRequest(triggerId=asia-southeast1-api) {"metadata":{"emulator":{"name":"functions"},"message":"[worker-pool] submitRequest(triggerId=asia-southeast1-api)"}}
[info] i  functions: Beginning execution of "asia-southeast1-api" {"metadata":{"emulator":{"name":"functions"},"function":{"name":"asia-southeast1-api"},"extension":{},"message":"Beginning execution of \"asia-southeast1-api\""}}
[debug] [2025-08-12T15:26:14.551Z] [worker-asia-southeast1-api-1579f1fa-d352-40a4-acc9-0e9745463344]: BUSY {"metadata":{"emulator":{"name":"functions"},"function":{"name":"asia-southeast1-api"},"extension":{},"message":"[worker-asia-southeast1-api-1579f1fa-d352-40a4-acc9-0e9745463344]: BUSY"}}
[debug] [2025-08-12T15:26:14.993Z] Finishing up request with event=pause {"metadata":{"emulator":{"name":"functions"},"function":{"name":"asia-southeast1-api"},"extension":{},"message":"Finishing up request with event=pause"}}
[info] i  functions: Finished "asia-southeast1-api" in 441.4799ms {"metadata":{"emulator":{"name":"functions"},"function":{"name":"asia-southeast1-api"},"extension":{},"message":"Finished \"asia-southeast1-api\" in 441.4799ms"}}
[debug] [2025-08-12T15:26:14.993Z] [worker-asia-southeast1-api-1579f1fa-d352-40a4-acc9-0e9745463344]: IDLE {"metadata":{"emulator":{"name":"functions"},"function":{"name":"asia-southeast1-api"},"extension":{},"message":"[worker-asia-southeast1-api-1579f1fa-d352-40a4-acc9-0e9745463344]: IDLE"}}
[debug] [2025-08-12T15:26:14.993Z] Finishing up request with event=finish {"metadata":{"emulator":{"name":"functions"},"function":{"name":"asia-southeast1-api"},"extension":{},"message":"Finishing up request with event=finish"}}
[debug] [2025-08-12T15:26:14.993Z] Finishing up request with event=close {"metadata":{"emulator":{"name":"functions"},"function":{"name":"asia-southeast1-api"},"extension":{},"message":"Finishing up request with event=close"}}
[debug] [2025-08-12T15:26:14.994Z] [work-queue] {"queuedWork":[],"queueLength":0,"runningWork":[],"workRunningCount":0}
[debug] [2025-08-12T15:26:14.994Z] [work-queue] {"queuedWork":["/qcreport-54164/asia-southeast1/api/qc-topics-2025-08-12T15:26:14.994Z"],"queueLength":1,"runningWork":[],"workRunningCount":0}
[debug] [2025-08-12T15:26:14.994Z] [work-queue] {"queuedWork":[],"queueLength":0,"runningWork":["/qcreport-54164/asia-southeast1/api/qc-topics-2025-08-12T15:26:14.994Z"],"workRunningCount":1}
[debug] [2025-08-12T15:26:14.994Z] Accepted request GET /qcreport-54164/asia-southeast1/api/qc-topics --> asia-southeast1-api
[debug] [2025-08-12T15:26:14.995Z] [functions] Runtime ready! Sending request! {"metadata":{"emulator":{"name":"functions"},"message":"[functions] Runtime ready! Sending request!"}}
[debug] [2025-08-12T15:26:14.995Z] [functions] Got req.url=/qcreport-54164/asia-southeast1/api/qc-topics, mapping to path=/qc-topics {"metadata":{"emulator":{"name":"functions"},"message":"[functions] Got req.url=/qcreport-54164/asia-southeast1/api/qc-topics, mapping to path=/qc-topics"}}
[debug] [2025-08-12T15:26:14.995Z] [worker-pool] submitRequest(triggerId=asia-southeast1-api) {"metadata":{"emulator":{"name":"functions"},"message":"[worker-pool] submitRequest(triggerId=asia-southeast1-api)"}}
[info] i  functions: Beginning execution of "asia-southeast1-api" {"metadata":{"emulator":{"name":"functions"},"function":{"name":"asia-southeast1-api"},"extension":{},"message":"Beginning execution of \"asia-southeast1-api\""}}
[debug] [2025-08-12T15:26:14.995Z] [worker-asia-southeast1-api-1579f1fa-d352-40a4-acc9-0e9745463344]: BUSY {"metadata":{"emulator":{"name":"functions"},"function":{"name":"asia-southeast1-api"},"extension":{},"message":"[worker-asia-southeast1-api-1579f1fa-d352-40a4-acc9-0e9745463344]: BUSY"}}
[debug] [2025-08-12T15:26:15.342Z] Finishing up request with event=pause {"metadata":{"emulator":{"name":"functions"},"function":{"name":"asia-southeast1-api"},"extension":{},"message":"Finishing up request with event=pause"}}
[info] i  functions: Finished "asia-southeast1-api" in 347.1477ms {"metadata":{"emulator":{"name":"functions"},"function":{"name":"asia-southeast1-api"},"extension":{},"message":"Finished \"asia-southeast1-api\" in 347.1477ms"}}
[debug] [2025-08-12T15:26:15.343Z] [worker-asia-southeast1-api-1579f1fa-d352-40a4-acc9-0e9745463344]: IDLE {"metadata":{"emulator":{"name":"functions"},"function":{"name":"asia-southeast1-api"},"extension":{},"message":"[worker-asia-southeast1-api-1579f1fa-d352-40a4-acc9-0e9745463344]: IDLE"}}
[debug] [2025-08-12T15:26:15.343Z] Finishing up request with event=finish {"metadata":{"emulator":{"name":"functions"},"function":{"name":"asia-southeast1-api"},"extension":{},"message":"Finishing up request with event=finish"}}
[debug] [2025-08-12T15:26:15.343Z] Finishing up request with event=close {"metadata":{"emulator":{"name":"functions"},"function":{"name":"asia-southeast1-api"},"extension":{},"message":"Finishing up request with event=close"}}
[debug] [2025-08-12T15:26:15.343Z] [work-queue] {"queuedWork":[],"queueLength":0,"runningWork":[],"workRunningCount":0}
[debug] [2025-08-12T15:26:15.343Z] [work-queue] {"queuedWork":["/qcreport-54164/asia-southeast1/api/qc-topics-2025-08-12T15:26:15.343Z"],"queueLength":1,"runningWork":[],"workRunningCount":0}
[debug] [2025-08-12T15:26:15.343Z] [work-queue] {"queuedWork":[],"queueLength":0,"runningWork":["/qcreport-54164/asia-southeast1/api/qc-topics-2025-08-12T15:26:15.343Z"],"workRunningCount":1}
[debug] [2025-08-12T15:26:15.343Z] Accepted request GET /qcreport-54164/asia-southeast1/api/qc-topics --> asia-southeast1-api
[debug] [2025-08-12T15:26:15.344Z] [functions] Runtime ready! Sending request! {"metadata":{"emulator":{"name":"functions"},"message":"[functions] Runtime ready! Sending request!"}}
[debug] [2025-08-12T15:26:15.344Z] [functions] Got req.url=/qcreport-54164/asia-southeast1/api/qc-topics, mapping to path=/qc-topics {"metadata":{"emulator":{"name":"functions"},"message":"[functions] Got req.url=/qcreport-54164/asia-southeast1/api/qc-topics, mapping to path=/qc-topics"}}
[debug] [2025-08-12T15:26:15.344Z] [worker-pool] submitRequest(triggerId=asia-southeast1-api) {"metadata":{"emulator":{"name":"functions"},"message":"[worker-pool] submitRequest(triggerId=asia-southeast1-api)"}}
[info] i  functions: Beginning execution of "asia-southeast1-api" {"metadata":{"emulator":{"name":"functions"},"function":{"name":"asia-southeast1-api"},"extension":{},"message":"Beginning execution of \"asia-southeast1-api\""}}
[debug] [2025-08-12T15:26:15.344Z] [worker-asia-southeast1-api-1579f1fa-d352-40a4-acc9-0e9745463344]: BUSY {"metadata":{"emulator":{"name":"functions"},"function":{"name":"asia-southeast1-api"},"extension":{},"message":"[worker-asia-southeast1-api-1579f1fa-d352-40a4-acc9-0e9745463344]: BUSY"}}
[debug] [2025-08-12T15:26:15.572Z] [work-queue] {"queuedWork":["/qcreport-54164/asia-southeast1/api/generate-report-2025-08-12T15:26:15.572Z"],"queueLength":1,"runningWork":["/qcreport-54164/asia-southeast1/api/qc-topics-2025-08-12T15:26:15.343Z"],"workRunningCount":1}
[debug] [2025-08-12T15:26:15.572Z] [work-queue] {"queuedWork":[],"queueLength":0,"runningWork":["/qcreport-54164/asia-southeast1/api/qc-topics-2025-08-12T15:26:15.343Z","/qcreport-54164/asia-southeast1/api/generate-report-2025-08-12T15:26:15.572Z"],"workRunningCount":2}
[debug] [2025-08-12T15:26:15.572Z] Accepted request OPTIONS /qcreport-54164/asia-southeast1/api/generate-report --> asia-southeast1-api
[debug] [2025-08-12T15:26:15.573Z] [functions] Runtime ready! Sending request! {"metadata":{"emulator":{"name":"functions"},"message":"[functions] Runtime ready! Sending request!"}}
[debug] [2025-08-12T15:26:15.573Z] [functions] Got req.url=/qcreport-54164/asia-southeast1/api/generate-report, mapping to path=/generate-report {"metadata":{"emulator":{"name":"functions"},"message":"[functions] Got req.url=/qcreport-54164/asia-southeast1/api/generate-report, mapping to path=/generate-report"}}
[debug] [2025-08-12T15:26:15.573Z] [worker-pool] submitRequest(triggerId=asia-southeast1-api) {"metadata":{"emulator":{"name":"functions"},"message":"[worker-pool] submitRequest(triggerId=asia-southeast1-api)"}}
[info] i  functions: Beginning execution of "asia-southeast1-api" {"metadata":{"emulator":{"name":"functions"},"function":{"name":"asia-southeast1-api"},"extension":{},"message":"Beginning execution of \"asia-southeast1-api\""}}
[debug] [2025-08-12T15:26:15.573Z] [worker-asia-southeast1-api-ac8c49ed-628e-4bda-86ac-31d00216e2d5]: BUSY {"metadata":{"emulator":{"name":"functions"},"function":{"name":"asia-southeast1-api"},"extension":{},"message":"[worker-asia-southeast1-api-ac8c49ed-628e-4bda-86ac-31d00216e2d5]: BUSY"}}
[debug] [2025-08-12T15:26:15.575Z] Finishing up request with event=pause {"metadata":{"emulator":{"name":"functions"},"function":{"name":"asia-southeast1-api"},"extension":{},"message":"Finishing up request with event=pause"}}
[info] i  functions: Finished "asia-southeast1-api" in 1.9985ms {"metadata":{"emulator":{"name":"functions"},"function":{"name":"asia-southeast1-api"},"extension":{},"message":"Finished \"asia-southeast1-api\" in 1.9985ms"}}
[debug] [2025-08-12T15:26:15.576Z] [worker-asia-southeast1-api-ac8c49ed-628e-4bda-86ac-31d00216e2d5]: IDLE {"metadata":{"emulator":{"name":"functions"},"function":{"name":"asia-southeast1-api"},"extension":{},"message":"[worker-asia-southeast1-api-ac8c49ed-628e-4bda-86ac-31d00216e2d5]: IDLE"}}
[debug] [2025-08-12T15:26:15.576Z] Finishing up request with event=finish {"metadata":{"emulator":{"name":"functions"},"function":{"name":"asia-southeast1-api"},"extension":{},"message":"Finishing up request with event=finish"}}
[debug] [2025-08-12T15:26:15.576Z] Finishing up request with event=close {"metadata":{"emulator":{"name":"functions"},"function":{"name":"asia-southeast1-api"},"extension":{},"message":"Finishing up request with event=close"}}
[debug] [2025-08-12T15:26:15.576Z] [work-queue] {"queuedWork":[],"queueLength":0,"runningWork":["/qcreport-54164/asia-southeast1/api/qc-topics-2025-08-12T15:26:15.343Z"],"workRunningCount":1}
[debug] [2025-08-12T15:26:15.577Z] [work-queue] {"queuedWork":["/qcreport-54164/asia-southeast1/api/generate-report-2025-08-12T15:26:15.577Z"],"queueLength":1,"runningWork":["/qcreport-54164/asia-southeast1/api/qc-topics-2025-08-12T15:26:15.343Z"],"workRunningCount":1}
[debug] [2025-08-12T15:26:15.577Z] [work-queue] {"queuedWork":[],"queueLength":0,"runningWork":["/qcreport-54164/asia-southeast1/api/qc-topics-2025-08-12T15:26:15.343Z","/qcreport-54164/asia-southeast1/api/generate-report-2025-08-12T15:26:15.577Z"],"workRunningCount":2}
[debug] [2025-08-12T15:26:15.577Z] Accepted request POST /qcreport-54164/asia-southeast1/api/generate-report --> asia-southeast1-api
[debug] [2025-08-12T15:26:15.578Z] [functions] Runtime ready! Sending request! {"metadata":{"emulator":{"name":"functions"},"message":"[functions] Runtime ready! Sending request!"}}
[debug] [2025-08-12T15:26:15.578Z] [functions] Got req.url=/qcreport-54164/asia-southeast1/api/generate-report, mapping to path=/generate-report {"metadata":{"emulator":{"name":"functions"},"message":"[functions] Got req.url=/qcreport-54164/asia-southeast1/api/generate-report, mapping to path=/generate-report"}}
[debug] [2025-08-12T15:26:15.578Z] [worker-pool] submitRequest(triggerId=asia-southeast1-api) {"metadata":{"emulator":{"name":"functions"},"message":"[worker-pool] submitRequest(triggerId=asia-southeast1-api)"}}
[info] i  functions: Beginning execution of "asia-southeast1-api" {"metadata":{"emulator":{"name":"functions"},"function":{"name":"asia-southeast1-api"},"extension":{},"message":"Beginning execution of \"asia-southeast1-api\""}}
[debug] [2025-08-12T15:26:15.578Z] [worker-asia-southeast1-api-ac8c49ed-628e-4bda-86ac-31d00216e2d5]: BUSY {"metadata":{"emulator":{"name":"functions"},"function":{"name":"asia-southeast1-api"},"extension":{},"message":"[worker-asia-southeast1-api-ac8c49ed-628e-4bda-86ac-31d00216e2d5]: BUSY"}}
[info] >  Report generation request received {"user":"Report generation request received","metadata":{"emulator":{"name":"functions"},"function":{"name":"asia-southeast1-api"},"extension":{},"message":"\u001b[90m> \u001b[39m Report generation request received"}}
[info] >  Generating report for: A-F01-ฐานราก {"user":"Generating report for: A-F01-ฐานราก","metadata":{"emulator":{"name":"functions"},"function":{"name":"asia-southeast1-api"},"extension":{},"message":"\u001b[90m> \u001b[39m Generating report for: A-F01-ฐานราก"}}
[warn] !  Google API requested!
   - URL: "https://www.googleapis.com/oauth2/v4/token"
   - Be careful, this may be a production service. {"metadata":{"emulator":{"name":"functions"},"function":{"name":"asia-southeast1-api"},"extension":{},"message":"Google API requested!\n   - URL: \"https://www.googleapis.com/oauth2/v4/token\"\n   - Be careful, this may be a production service."}}
[debug] [2025-08-12T15:26:15.712Z] Finishing up request with event=pause {"metadata":{"emulator":{"name":"functions"},"function":{"name":"asia-southeast1-api"},"extension":{},"message":"Finishing up request with event=pause"}}
[info] i  functions: Finished "asia-southeast1-api" in 368.0758ms {"metadata":{"emulator":{"name":"functions"},"function":{"name":"asia-southeast1-api"},"extension":{},"message":"Finished \"asia-southeast1-api\" in 368.0758ms"}}
[debug] [2025-08-12T15:26:15.713Z] [worker-asia-southeast1-api-1579f1fa-d352-40a4-acc9-0e9745463344]: IDLE {"metadata":{"emulator":{"name":"functions"},"function":{"name":"asia-southeast1-api"},"extension":{},"message":"[worker-asia-southeast1-api-1579f1fa-d352-40a4-acc9-0e9745463344]: IDLE"}}
[debug] [2025-08-12T15:26:15.713Z] Finishing up request with event=finish {"metadata":{"emulator":{"name":"functions"},"function":{"name":"asia-southeast1-api"},"extension":{},"message":"Finishing up request with event=finish"}}
[debug] [2025-08-12T15:26:15.713Z] Finishing up request with event=close {"metadata":{"emulator":{"name":"functions"},"function":{"name":"asia-southeast1-api"},"extension":{},"message":"Finishing up request with event=close"}}
[debug] [2025-08-12T15:26:15.713Z] [work-queue] {"queuedWork":[],"queueLength":0,"runningWork":["/qcreport-54164/asia-southeast1/api/generate-report-2025-08-12T15:26:15.577Z"],"workRunningCount":1}
[warn] !  Google API requested!
   - URL: "https://sheets.googleapis.com/v4/spreadsheets/1ez_Dox16jf9lr5TEsLL5BEOfKZDNGkVD31YSBtx3Qa8/values/Master_Photos_Log%21A%3AI"
   - Be careful, this may be a production service. {"metadata":{"emulator":{"name":"functions"},"function":{"name":"asia-southeast1-api"},"extension":{},"message":"Google API requested!\n   - URL: \"https://sheets.googleapis.com/v4/spreadsheets/1ez_Dox16jf9lr5TEsLL5BEOfKZDNGkVD31YSBtx3Qa8/values/Master_Photos_Log%21A%3AI\"\n   - Be careful, this may be a production service."}}
[info] >  Checking 3 rows for matching photos... {"user":"Checking 3 rows for matching photos...","metadata":{"emulator":{"name":"functions"},"function":{"name":"asia-southeast1-api"},"extension":{},"message":"\u001b[90m> \u001b[39m Checking 3 rows for matching photos..."}}
[info] >  ✓ Match found: รูปโดยรวมแสดงความสะอาดฐานรากก่อนเทคอนกรีต {"user":"✓ Match found: รูปโดยรวมแสดงความสะอาดฐานรากก่อนเทคอนกรีต","metadata":{"emulator":{"name":"functions"},"function":{"name":"asia-southeast1-api"},"extension":{},"message":"\u001b[90m> \u001b[39m ✓ Match found: รูปโดยรวมแสดงความสะอาดฐานรากก่อนเทคอนกรีต"}}
[info] >  Attempting to download from URL: https://drive.google.com/file/d/1rCpUe0leBV5nRgbt-6cV5O4dHZgRjM5W/view {"user":"Attempting to download from URL: https://drive.google.com/file/d/1rCpUe0leBV5nRgbt-6cV5O4dHZgRjM5W/view","metadata":{"emulator":{"name":"functions"},"function":{"name":"asia-southeast1-api"},"extension":{},"message":"\u001b[90m> \u001b[39m Attempting to download from URL: https://drive.google.com/file/d/1rCpUe0leBV5nRgbt-6cV5O4dHZgRjM5W/view"}}
[info] >  Extracted file ID: 1rCpUe0leBV5nRgbt-6cV5O4dHZgRjM5W {"user":"Extracted file ID: 1rCpUe0leBV5nRgbt-6cV5O4dHZgRjM5W","metadata":{"emulator":{"name":"functions"},"function":{"name":"asia-southeast1-api"},"extension":{},"message":"\u001b[90m> \u001b[39m Extracted file ID: 1rCpUe0leBV5nRgbt-6cV5O4dHZgRjM5W"}}
[warn] !  Google API requested!
   - URL: "https://www.googleapis.com/drive/v3/files/1rCpUe0leBV5nRgbt-6cV5O4dHZgRjM5W/export?mimeType=image%2Fjpeg&supportsAllDrives=true"
   - Be careful, this may be a production service. {"metadata":{"emulator":{"name":"functions"},"function":{"name":"asia-southeast1-api"},"extension":{},"message":"Google API requested!\n   - URL: \"https://www.googleapis.com/drive/v3/files/1rCpUe0leBV5nRgbt-6cV5O4dHZgRjM5W/export?mimeType=image%2Fjpeg&supportsAllDrives=true\"\n   - Be careful, this may be a production service."}}
[info] >  Export failed, trying get with alt=media: Export only supports Docs Editors files. {"user":"Export failed, trying get with alt=media: Export only supports Docs Editors files.","metadata":{"emulator":{"name":"functions"},"function":{"name":"asia-southeast1-api"},"extension":{},"message":"\u001b[90m> \u001b[39m Export failed, trying get with alt=media: Export only supports Docs Editors files."}}
[warn] !  Google API requested!
   - URL: "https://www.googleapis.com/drive/v3/files/1rCpUe0leBV5nRgbt-6cV5O4dHZgRjM5W?alt=media&supportsAllDrives=true"
   - Be careful, this may be a production service. {"metadata":{"emulator":{"name":"functions"},"function":{"name":"asia-southeast1-api"},"extension":{},"message":"Google API requested!\n   - URL: \"https://www.googleapis.com/drive/v3/files/1rCpUe0leBV5nRgbt-6cV5O4dHZgRjM5W?alt=media&supportsAllDrives=true\"\n   - Be careful, this may be a production service."}}
[info] >  Image downloaded successfully, size: undefined bytes {"user":"Image downloaded successfully, size: undefined bytes","metadata":{"emulator":{"name":"functions"},"function":{"name":"asia-southeast1-api"},"extension":{},"message":"\u001b[90m> \u001b[39m Image downloaded successfully, size: undefined bytes"}}
[warn] !  External network resource requested!
   - URL: "https://drive.google.com/uc?export=download&id=1rCpUe0leBV5nRgbt-6cV5O4dHZgRjM5W"
 - Be careful, this may be a production service. {"metadata":{"emulator":{"name":"functions"},"function":{"name":"asia-southeast1-api"},"extension":{},"message":"External network resource requested!\n   - URL: \"https://drive.google.com/uc?export=download&id=1rCpUe0leBV5nRgbt-6cV5O4dHZgRjM5W\"\n - Be careful, this may be a production service."}}
[info] >  Get with alt=media failed: The first argument must be of type string or an instance of Buffer, ArrayBuffer, or Array or an Array-like Object. Received an instance of Blob {"user":"Get with alt=media failed: The first argument must be of type string or an instance of Buffer, ArrayBuffer, or Array or an Array-like Object. Received an instance of Blob","metadata":{"emulator":{"name":"functions"},"function":{"name":"asia-southeast1-api"},"extension":{},"message":"\u001b[90m> \u001b[39m Get with alt=media failed: The first argument must be of type string or an instance of Buffer, ArrayBuffer, or Array or an Array-like Object. Received an instance of Blob"}}
[info] >  Trying direct download from: https://drive.google.com/uc?export=download&id=1rCpUe0leBV5nRgbt-6cV5O4dHZgRjM5W {"user":"Trying direct download from: https://drive.google.com/uc?export=download&id=1rCpUe0leBV5nRgbt-6cV5O4dHZgRjM5W","metadata":{"emulator":{"name":"functions"},"function":{"name":"asia-southeast1-api"},"extension":{},"message":"\u001b[90m> \u001b[39m Trying direct download from: https://drive.google.com/uc?export=download&id=1rCpUe0leBV5nRgbt-6cV5O4dHZgRjM5W"}}
[warn] !  External network resource requested!
   - URL: "https://drive.usercontent.google.com/download?id=1rCpUe0leBV5nRgbt-6cV5O4dHZgRjM5W&export=download"
 - Be careful, this may be a production service. {"metadata":{"emulator":{"name":"functions"},"function":{"name":"asia-southeast1-api"},"extension":{},"message":"External network resource requested!\n   - URL: \"https://drive.usercontent.google.com/download?id=1rCpUe0leBV5nRgbt-6cV5O4dHZgRjM5W&export=download\"\n - Be careful, this may be a production service."}}
[info] >  Direct download successful, size: 210787 bytes {"user":"Direct download successful, size: 210787 bytes","metadata":{"emulator":{"name":"functions"},"function":{"name":"asia-southeast1-api"},"extension":{},"message":"\u001b[90m> \u001b[39m Direct download successful, size: 210787 bytes"}}
[info] >  ✓ Match found: รูปแสดงขนาดของฐานรากกว้าง x ยาว xลึก หน่วยเป็นเมตร {"user":"✓ Match found: รูปแสดงขนาดของฐานรากกว้าง x ยาว xลึก หน่วยเป็นเมตร","metadata":{"emulator":{"name":"functions"},"function":{"name":"asia-southeast1-api"},"extension":{},"message":"\u001b[90m> \u001b[39m ✓ Match found: รูปแสดงขนาดของฐานรากกว้าง x ยาว xลึก หน่วยเป็นเมตร"}}
[info] >  Attempting to download from URL: https://drive.google.com/file/d/1VDjid9qHzmlV73VX7yurT6mUXRfbYVGC/view {"user":"Attempting to download from URL: https://drive.google.com/file/d/1VDjid9qHzmlV73VX7yurT6mUXRfbYVGC/view","metadata":{"emulator":{"name":"functions"},"function":{"name":"asia-southeast1-api"},"extension":{},"message":"\u001b[90m> \u001b[39m Attempting to download from URL: https://drive.google.com/file/d/1VDjid9qHzmlV73VX7yurT6mUXRfbYVGC/view"}}
[info] >  Extracted file ID: 1VDjid9qHzmlV73VX7yurT6mUXRfbYVGC {"user":"Extracted file ID: 1VDjid9qHzmlV73VX7yurT6mUXRfbYVGC","metadata":{"emulator":{"name":"functions"},"function":{"name":"asia-southeast1-api"},"extension":{},"message":"\u001b[90m> \u001b[39m Extracted file ID: 1VDjid9qHzmlV73VX7yurT6mUXRfbYVGC"}}
[warn] !  Google API requested!
   - URL: "https://www.googleapis.com/drive/v3/files/1VDjid9qHzmlV73VX7yurT6mUXRfbYVGC/export?mimeType=image%2Fjpeg&supportsAllDrives=true"
   - Be careful, this may be a production service. {"metadata":{"emulator":{"name":"functions"},"function":{"name":"asia-southeast1-api"},"extension":{},"message":"Google API requested!\n   - URL: \"https://www.googleapis.com/drive/v3/files/1VDjid9qHzmlV73VX7yurT6mUXRfbYVGC/export?mimeType=image%2Fjpeg&supportsAllDrives=true\"\n   - Be careful, this may be a production service."}}
[info] >  Export failed, trying get with alt=media: Export only supports Docs Editors files. {"user":"Export failed, trying get with alt=media: Export only supports Docs Editors files.","metadata":{"emulator":{"name":"functions"},"function":{"name":"asia-southeast1-api"},"extension":{},"message":"\u001b[90m> \u001b[39m Export failed, trying get with alt=media: Export only supports Docs Editors files."}}
[warn] !  Google API requested!
   - URL: "https://www.googleapis.com/drive/v3/files/1VDjid9qHzmlV73VX7yurT6mUXRfbYVGC?alt=media&supportsAllDrives=true"
   - Be careful, this may be a production service. {"metadata":{"emulator":{"name":"functions"},"function":{"name":"asia-southeast1-api"},"extension":{},"message":"Google API requested!\n   - URL: \"https://www.googleapis.com/drive/v3/files/1VDjid9qHzmlV73VX7yurT6mUXRfbYVGC?alt=media&supportsAllDrives=true\"\n   - Be careful, this may be a production service."}}
[info] >  Image downloaded successfully, size: undefined bytes {"user":"Image downloaded successfully, size: undefined bytes","metadata":{"emulator":{"name":"functions"},"function":{"name":"asia-southeast1-api"},"extension":{},"message":"\u001b[90m> \u001b[39m Image downloaded successfully, size: undefined bytes"}}
[warn] !  External network resource requested!
   - URL: "https://drive.google.com/uc?export=download&id=1VDjid9qHzmlV73VX7yurT6mUXRfbYVGC"
 - Be careful, this may be a production service. {"metadata":{"emulator":{"name":"functions"},"function":{"name":"asia-southeast1-api"},"extension":{},"message":"External network resource requested!\n   - URL: \"https://drive.google.com/uc?export=download&id=1VDjid9qHzmlV73VX7yurT6mUXRfbYVGC\"\n - Be careful, this may be a production service."}}
[info] >  Get with alt=media failed: The first argument must be of type string or an instance of Buffer, ArrayBuffer, or Array or an Array-like Object. Received an instance of Blob {"user":"Get with alt=media failed: The first argument must be of type string or an instance of Buffer, ArrayBuffer, or Array or an Array-like Object. Received an instance of Blob","metadata":{"emulator":{"name":"functions"},"function":{"name":"asia-southeast1-api"},"extension":{},"message":"\u001b[90m> \u001b[39m Get with alt=media failed: The first argument must be of type string or an instance of Buffer, ArrayBuffer, or Array or an Array-like Object. Received an instance of Blob"}}
[info] >  Trying direct download from: https://drive.google.com/uc?export=download&id=1VDjid9qHzmlV73VX7yurT6mUXRfbYVGC {"user":"Trying direct download from: https://drive.google.com/uc?export=download&id=1VDjid9qHzmlV73VX7yurT6mUXRfbYVGC","metadata":{"emulator":{"name":"functions"},"function":{"name":"asia-southeast1-api"},"extension":{},"message":"\u001b[90m> \u001b[39m Trying direct download from: https://drive.google.com/uc?export=download&id=1VDjid9qHzmlV73VX7yurT6mUXRfbYVGC"}}
[warn] !  External network resource requested!
   - URL: "https://drive.usercontent.google.com/download?id=1VDjid9qHzmlV73VX7yurT6mUXRfbYVGC&export=download"
 - Be careful, this may be a production service. {"metadata":{"emulator":{"name":"functions"},"function":{"name":"asia-southeast1-api"},"extension":{},"message":"External network resource requested!\n   - URL: \"https://drive.usercontent.google.com/download?id=1VDjid9qHzmlV73VX7yurT6mUXRfbYVGC&export=download\"\n - Be careful, this may be a production service."}}
[info] >  Direct download successful, size: 211388 bytes {"user":"Direct download successful, size: 211388 bytes","metadata":{"emulator":{"name":"functions"},"function":{"name":"asia-southeast1-api"},"extension":{},"message":"\u001b[90m> \u001b[39m Direct download successful, size: 211388 bytes"}}
[info] >  Found 2 matching photos {"user":"Found 2 matching photos","metadata":{"emulator":{"name":"functions"},"function":{"name":"asia-southeast1-api"},"extension":{},"message":"\u001b[90m> \u001b[39m Found 2 matching photos"}}
[info] >  Found 2 photos for report {"user":"Found 2 photos for report","metadata":{"emulator":{"name":"functions"},"function":{"name":"asia-southeast1-api"},"extension":{},"message":"\u001b[90m> \u001b[39m Found 2 photos for report"}}
[info] >  Starting HTML to PDF generation with Thai support... {"user":"Starting HTML to PDF generation with Thai support...","metadata":{"emulator":{"name":"functions"},"function":{"name":"asia-southeast1-api"},"extension":{},"message":"\u001b[90m> \u001b[39m Starting HTML to PDF generation with Thai support..."}}
[info] >  HTML template created, launching Puppeteer... {"user":"HTML template created, launching Puppeteer...","metadata":{"emulator":{"name":"functions"},"function":{"name":"asia-southeast1-api"},"extension":{},"message":"\u001b[90m> \u001b[39m HTML template created, launching Puppeteer..."}}
[info] >  Browser launched, creating PDF... {"user":"Browser launched, creating PDF...","metadata":{"emulator":{"name":"functions"},"function":{"name":"asia-southeast1-api"},"extension":{},"message":"\u001b[90m> \u001b[39m Browser launched, creating PDF..."}}
[info] >  PDF generated successfully with Thai support {"user":"PDF generated successfully with Thai support","metadata":{"emulator":{"name":"functions"},"function":{"name":"asia-southeast1-api"},"extension":{},"message":"\u001b[90m> \u001b[39m PDF generated successfully with Thai support"}}
[warn] !  Google API requested!
   - URL: "https://www.googleapis.com/upload/drive/v3/files?supportsAllDrives=true&fields=id%2C%20name%2C%20webViewLink%2C%20webContentLink&uploadType=multipart"
   - Be careful, this may be a production service. {"metadata":{"emulator":{"name":"functions"},"function":{"name":"asia-southeast1-api"},"extension":{},"message":"Google API requested!\n   - URL: \"https://www.googleapis.com/upload/drive/v3/files?supportsAllDrives=true&fields=id%2C%20name%2C%20webViewLink%2C%20webContentLink&uploadType=multipart\"\n   - Be careful, this may be a production service."}}
[info] >  Thai HTML PDF uploaded: 1gGuwrxpFJ9AdSKDkk1CwG4qJUc-F7Bb9 {"user":"Thai HTML PDF uploaded: 1gGuwrxpFJ9AdSKDkk1CwG4qJUc-F7Bb9","metadata":{"emulator":{"name":"functions"},"function":{"name":"asia-southeast1-api"},"extension":{},"message":"\u001b[90m> \u001b[39m Thai HTML PDF uploaded: 1gGuwrxpFJ9AdSKDkk1CwG4qJUc-F7Bb9"}}
[info] >  PDF generated and uploaded: 1gGuwrxpFJ9AdSKDkk1CwG4qJUc-F7Bb9 {"user":"PDF generated and uploaded: 1gGuwrxpFJ9AdSKDkk1CwG4qJUc-F7Bb9","metadata":{"emulator":{"name":"functions"},"function":{"name":"asia-southeast1-api"},"extension":{},"message":"\u001b[90m> \u001b[39m PDF generated and uploaded: 1gGuwrxpFJ9AdSKDkk1CwG4qJUc-F7Bb9"}}
[warn] !  Google API requested!
   - URL: "https://sheets.googleapis.com/v4/spreadsheets/1ez_Dox16jf9lr5TEsLL5BEOfKZDNGkVD31YSBtx3Qa8/values/Final_Reports_Log%21A%3AH:append?valueInputOption=USER_ENTERED"
   - Be careful, this may be a production service. {"metadata":{"emulator":{"name":"functions"},"function":{"name":"asia-southeast1-api"},"extension":{},"message":"Google API requested!\n   - URL: \"https://sheets.googleapis.com/v4/spreadsheets/1ez_Dox16jf9lr5TEsLL5BEOfKZDNGkVD31YSBtx3Qa8/values/Final_Reports_Log%21A%3AH:append?valueInputOption=USER_ENTERED\"\n   - Be careful, this may be a production service."}}
[info] >  Report logged successfully: 1755012390712-0oqumdosh {"user":"Report logged successfully: 1755012390712-0oqumdosh","metadata":{"emulator":{"name":"functions"},"function":{"name":"asia-southeast1-api"},"extension":{},"message":"\u001b[90m> \u001b[39m Report logged successfully: 1755012390712-0oqumdosh"}}
[debug] [2025-08-12T15:26:31.289Z] Finishing up request with event=pause {"metadata":{"emulator":{"name":"functions"},"function":{"name":"asia-southeast1-api"},"extension":{},"message":"Finishing up request with event=pause"}}
[info] i  functions: Finished "asia-southeast1-api" in 15711.1973ms {"metadata":{"emulator":{"name":"functions"},"function":{"name":"asia-southeast1-api"},"extension":{},"message":"Finished \"asia-southeast1-api\" in 15711.1973ms"}}
[debug] [2025-08-12T15:26:31.290Z] [worker-asia-southeast1-api-ac8c49ed-628e-4bda-86ac-31d00216e2d5]: IDLE {"metadata":{"emulator":{"name":"functions"},"function":{"name":"asia-southeast1-api"},"extension":{},"message":"[worker-asia-southeast1-api-ac8c49ed-628e-4bda-86ac-31d00216e2d5]: IDLE"}}
[debug] [2025-08-12T15:26:31.290Z] Finishing up request with event=finish {"metadata":{"emulator":{"name":"functions"},"function":{"name":"asia-southeast1-api"},"extension":{},"message":"Finishing up request with event=finish"}}
[debug] [2025-08-12T15:26:31.290Z] Finishing up request with event=close {"metadata":{"emulator":{"name":"functions"},"function":{"name":"asia-southeast1-api"},"extension":{},"message":"Finishing up request with event=close"}}
[debug] [2025-08-12T15:26:31.290Z] [work-queue] {"queuedWork":[],"queueLength":0,"runningWork":[],"workRunningCount":0}
[debug] [2025-08-12T15:26:54.576Z] [work-queue] {"queuedWork":["/qcreport-54164/asia-southeast1/api/qc-topics-2025-08-12T15:26:54.576Z"],"queueLength":1,"runningWork":[],"workRunningCount":0}
[debug] [2025-08-12T15:26:54.576Z] [work-queue] {"queuedWork":[],"queueLength":0,"runningWork":["/qcreport-54164/asia-southeast1/api/qc-topics-2025-08-12T15:26:54.576Z"],"workRunningCount":1}
[debug] [2025-08-12T15:26:54.576Z] Accepted request OPTIONS /qcreport-54164/asia-southeast1/api/qc-topics --> asia-southeast1-api
[debug] [2025-08-12T15:26:54.577Z] [functions] Runtime ready! Sending request! {"metadata":{"emulator":{"name":"functions"},"message":"[functions] Runtime ready! Sending request!"}}
[debug] [2025-08-12T15:26:54.578Z] [functions] Got req.url=/qcreport-54164/asia-southeast1/api/qc-topics, mapping to path=/qc-topics {"metadata":{"emulator":{"name":"functions"},"message":"[functions] Got req.url=/qcreport-54164/asia-southeast1/api/qc-topics, mapping to path=/qc-topics"}}
[debug] [2025-08-12T15:26:54.578Z] [worker-pool] submitRequest(triggerId=asia-southeast1-api) {"metadata":{"emulator":{"name":"functions"},"message":"[worker-pool] submitRequest(triggerId=asia-southeast1-api)"}}
[info] i  functions: Beginning execution of "asia-southeast1-api" {"metadata":{"emulator":{"name":"functions"},"function":{"name":"asia-southeast1-api"},"extension":{},"message":"Beginning execution of \"asia-southeast1-api\""}}
[debug] [2025-08-12T15:26:54.578Z] [worker-asia-southeast1-api-1579f1fa-d352-40a4-acc9-0e9745463344]: BUSY {"metadata":{"emulator":{"name":"functions"},"function":{"name":"asia-southeast1-api"},"extension":{},"message":"[worker-asia-southeast1-api-1579f1fa-d352-40a4-acc9-0e9745463344]: BUSY"}}
[debug] [2025-08-12T15:26:54.580Z] Finishing up request with event=pause {"metadata":{"emulator":{"name":"functions"},"function":{"name":"asia-southeast1-api"},"extension":{},"message":"Finishing up request with event=pause"}}
[info] i  functions: Finished "asia-southeast1-api" in 1.9479ms {"metadata":{"emulator":{"name":"functions"},"function":{"name":"asia-southeast1-api"},"extension":{},"message":"Finished \"asia-southeast1-api\" in 1.9479ms"}}
[debug] [2025-08-12T15:26:54.580Z] [worker-asia-southeast1-api-1579f1fa-d352-40a4-acc9-0e9745463344]: IDLE {"metadata":{"emulator":{"name":"functions"},"function":{"name":"asia-southeast1-api"},"extension":{},"message":"[worker-asia-southeast1-api-1579f1fa-d352-40a4-acc9-0e9745463344]: IDLE"}}
[debug] [2025-08-12T15:26:54.581Z] Finishing up request with event=finish {"metadata":{"emulator":{"name":"functions"},"function":{"name":"asia-southeast1-api"},"extension":{},"message":"Finishing up request with event=finish"}}
[debug] [2025-08-12T15:26:54.581Z] Finishing up request with event=close {"metadata":{"emulator":{"name":"functions"},"function":{"name":"asia-southeast1-api"},"extension":{},"message":"Finishing up request with event=close"}}
[debug] [2025-08-12T15:26:54.581Z] [work-queue] {"queuedWork":[],"queueLength":0,"runningWork":[],"workRunningCount":0}
[debug] [2025-08-12T15:26:54.581Z] [work-queue] {"queuedWork":["/qcreport-54164/asia-southeast1/api/qc-topics-2025-08-12T15:26:54.581Z"],"queueLength":1,"runningWork":[],"workRunningCount":0}
[debug] [2025-08-12T15:26:54.581Z] [work-queue] {"queuedWork":[],"queueLength":0,"runningWork":["/qcreport-54164/asia-southeast1/api/qc-topics-2025-08-12T15:26:54.581Z"],"workRunningCount":1}
[debug] [2025-08-12T15:26:54.581Z] Accepted request OPTIONS /qcreport-54164/asia-southeast1/api/qc-topics --> asia-southeast1-api
[debug] [2025-08-12T15:26:54.583Z] [functions] Runtime ready! Sending request! {"metadata":{"emulator":{"name":"functions"},"message":"[functions] Runtime ready! Sending request!"}}
[debug] [2025-08-12T15:26:54.583Z] [functions] Got req.url=/qcreport-54164/asia-southeast1/api/qc-topics, mapping to path=/qc-topics {"metadata":{"emulator":{"name":"functions"},"message":"[functions] Got req.url=/qcreport-54164/asia-southeast1/api/qc-topics, mapping to path=/qc-topics"}}
[debug] [2025-08-12T15:26:54.583Z] [worker-pool] submitRequest(triggerId=asia-southeast1-api) {"metadata":{"emulator":{"name":"functions"},"message":"[worker-pool] submitRequest(triggerId=asia-southeast1-api)"}}
[info] i  functions: Beginning execution of "asia-southeast1-api" {"metadata":{"emulator":{"name":"functions"},"function":{"name":"asia-southeast1-api"},"extension":{},"message":"Beginning execution of \"asia-southeast1-api\""}}
[debug] [2025-08-12T15:26:54.583Z] [worker-asia-southeast1-api-1579f1fa-d352-40a4-acc9-0e9745463344]: BUSY {"metadata":{"emulator":{"name":"functions"},"function":{"name":"asia-southeast1-api"},"extension":{},"message":"[worker-asia-southeast1-api-1579f1fa-d352-40a4-acc9-0e9745463344]: BUSY"}}
[debug] [2025-08-12T15:26:54.584Z] Finishing up request with event=pause {"metadata":{"emulator":{"name":"functions"},"function":{"name":"asia-southeast1-api"},"extension":{},"message":"Finishing up request with event=pause"}}
[info] i  functions: Finished "asia-southeast1-api" in 1.2193ms {"metadata":{"emulator":{"name":"functions"},"function":{"name":"asia-southeast1-api"},"extension":{},"message":"Finished \"asia-southeast1-api\" in 1.2193ms"}}
[debug] [2025-08-12T15:26:54.585Z] [worker-asia-southeast1-api-1579f1fa-d352-40a4-acc9-0e9745463344]: IDLE {"metadata":{"emulator":{"name":"functions"},"function":{"name":"asia-southeast1-api"},"extension":{},"message":"[worker-asia-southeast1-api-1579f1fa-d352-40a4-acc9-0e9745463344]: IDLE"}}
[debug] [2025-08-12T15:26:54.585Z] Finishing up request with event=finish {"metadata":{"emulator":{"name":"functions"},"function":{"name":"asia-southeast1-api"},"extension":{},"message":"Finishing up request with event=finish"}}
[debug] [2025-08-12T15:26:54.585Z] Finishing up request with event=close {"metadata":{"emulator":{"name":"functions"},"function":{"name":"asia-southeast1-api"},"extension":{},"message":"Finishing up request with event=close"}}
[debug] [2025-08-12T15:26:54.585Z] [work-queue] {"queuedWork":[],"queueLength":0,"runningWork":[],"workRunningCount":0}
[debug] [2025-08-12T15:26:54.585Z] [work-queue] {"queuedWork":["/qcreport-54164/asia-southeast1/api/qc-topics-2025-08-12T15:26:54.585Z"],"queueLength":1,"runningWork":[],"workRunningCount":0}
[debug] [2025-08-12T15:26:54.586Z] [work-queue] {"queuedWork":[],"queueLength":0,"runningWork":["/qcreport-54164/asia-southeast1/api/qc-topics-2025-08-12T15:26:54.585Z"],"workRunningCount":1}
[debug] [2025-08-12T15:26:54.586Z] Accepted request GET /qcreport-54164/asia-southeast1/api/qc-topics --> asia-southeast1-api
[debug] [2025-08-12T15:26:54.587Z] [functions] Runtime ready! Sending request! {"metadata":{"emulator":{"name":"functions"},"message":"[functions] Runtime ready! Sending request!"}}
[debug] [2025-08-12T15:26:54.587Z] [functions] Got req.url=/qcreport-54164/asia-southeast1/api/qc-topics, mapping to path=/qc-topics {"metadata":{"emulator":{"name":"functions"},"message":"[functions] Got req.url=/qcreport-54164/asia-southeast1/api/qc-topics, mapping to path=/qc-topics"}}
[debug] [2025-08-12T15:26:54.587Z] [worker-pool] submitRequest(triggerId=asia-southeast1-api) {"metadata":{"emulator":{"name":"functions"},"message":"[worker-pool] submitRequest(triggerId=asia-southeast1-api)"}}
[info] i  functions: Beginning execution of "asia-southeast1-api" {"metadata":{"emulator":{"name":"functions"},"function":{"name":"asia-southeast1-api"},"extension":{},"message":"Beginning execution of \"asia-southeast1-api\""}}
[debug] [2025-08-12T15:26:54.587Z] [worker-asia-southeast1-api-1579f1fa-d352-40a4-acc9-0e9745463344]: BUSY {"metadata":{"emulator":{"name":"functions"},"function":{"name":"asia-southeast1-api"},"extension":{},"message":"[worker-asia-southeast1-api-1579f1fa-d352-40a4-acc9-0e9745463344]: BUSY"}}
[debug] [2025-08-12T15:26:55.146Z] Finishing up request with event=pause {"metadata":{"emulator":{"name":"functions"},"function":{"name":"asia-southeast1-api"},"extension":{},"message":"Finishing up request with event=pause"}}
[info] i  functions: Finished "asia-southeast1-api" in 559.145ms {"metadata":{"emulator":{"name":"functions"},"function":{"name":"asia-southeast1-api"},"extension":{},"message":"Finished \"asia-southeast1-api\" in 559.145ms"}}
[debug] [2025-08-12T15:26:55.147Z] [worker-asia-southeast1-api-1579f1fa-d352-40a4-acc9-0e9745463344]: IDLE {"metadata":{"emulator":{"name":"functions"},"function":{"name":"asia-southeast1-api"},"extension":{},"message":"[worker-asia-southeast1-api-1579f1fa-d352-40a4-acc9-0e9745463344]: IDLE"}}
[debug] [2025-08-12T15:26:55.147Z] Finishing up request with event=finish {"metadata":{"emulator":{"name":"functions"},"function":{"name":"asia-southeast1-api"},"extension":{},"message":"Finishing up request with event=finish"}}
[debug] [2025-08-12T15:26:55.147Z] Finishing up request with event=close {"metadata":{"emulator":{"name":"functions"},"function":{"name":"asia-southeast1-api"},"extension":{},"message":"Finishing up request with event=close"}}
[debug] [2025-08-12T15:26:55.147Z] [work-queue] {"queuedWork":[],"queueLength":0,"runningWork":[],"workRunningCount":0}
[debug] [2025-08-12T15:26:55.148Z] [work-queue] {"queuedWork":["/qcreport-54164/asia-southeast1/api/qc-topics-2025-08-12T15:26:55.148Z"],"queueLength":1,"runningWork":[],"workRunningCount":0}
[debug] [2025-08-12T15:26:55.148Z] [work-queue] {"queuedWork":[],"queueLength":0,"runningWork":["/qcreport-54164/asia-southeast1/api/qc-topics-2025-08-12T15:26:55.148Z"],"workRunningCount":1}
[debug] [2025-08-12T15:26:55.148Z] Accepted request GET /qcreport-54164/asia-southeast1/api/qc-topics --> asia-southeast1-api
[debug] [2025-08-12T15:26:55.149Z] [functions] Runtime ready! Sending request! {"metadata":{"emulator":{"name":"functions"},"message":"[functions] Runtime ready! Sending request!"}}
[debug] [2025-08-12T15:26:55.149Z] [functions] Got req.url=/qcreport-54164/asia-southeast1/api/qc-topics, mapping to path=/qc-topics {"metadata":{"emulator":{"name":"functions"},"message":"[functions] Got req.url=/qcreport-54164/asia-southeast1/api/qc-topics, mapping to path=/qc-topics"}}
[debug] [2025-08-12T15:26:55.149Z] [worker-pool] submitRequest(triggerId=asia-southeast1-api) {"metadata":{"emulator":{"name":"functions"},"message":"[worker-pool] submitRequest(triggerId=asia-southeast1-api)"}}
[info] i  functions: Beginning execution of "asia-southeast1-api" {"metadata":{"emulator":{"name":"functions"},"function":{"name":"asia-southeast1-api"},"extension":{},"message":"Beginning execution of \"asia-southeast1-api\""}}
[debug] [2025-08-12T15:26:55.149Z] [worker-asia-southeast1-api-1579f1fa-d352-40a4-acc9-0e9745463344]: BUSY {"metadata":{"emulator":{"name":"functions"},"function":{"name":"asia-southeast1-api"},"extension":{},"message":"[worker-asia-southeast1-api-1579f1fa-d352-40a4-acc9-0e9745463344]: BUSY"}}
[debug] [2025-08-12T15:26:55.530Z] Finishing up request with event=pause {"metadata":{"emulator":{"name":"functions"},"function":{"name":"asia-southeast1-api"},"extension":{},"message":"Finishing up request with event=pause"}}
[info] i  functions: Finished "asia-southeast1-api" in 380.4582ms {"metadata":{"emulator":{"name":"functions"},"function":{"name":"asia-southeast1-api"},"extension":{},"message":"Finished \"asia-southeast1-api\" in 380.4582ms"}}
[debug] [2025-08-12T15:26:55.530Z] [worker-asia-southeast1-api-1579f1fa-d352-40a4-acc9-0e9745463344]: IDLE {"metadata":{"emulator":{"name":"functions"},"function":{"name":"asia-southeast1-api"},"extension":{},"message":"[worker-asia-southeast1-api-1579f1fa-d352-40a4-acc9-0e9745463344]: IDLE"}}
[debug] [2025-08-12T15:26:55.530Z] Finishing up request with event=finish {"metadata":{"emulator":{"name":"functions"},"function":{"name":"asia-southeast1-api"},"extension":{},"message":"Finishing up request with event=finish"}}
[debug] [2025-08-12T15:26:55.531Z] Finishing up request with event=close {"metadata":{"emulator":{"name":"functions"},"function":{"name":"asia-southeast1-api"},"extension":{},"message":"Finishing up request with event=close"}}
[debug] [2025-08-12T15:26:55.531Z] [work-queue] {"queuedWork":[],"queueLength":0,"runningWork":[],"workRunningCount":0}
